Arguments: 
  /usr/bin/node /usr/share/yarn/bin/yarn.js install

PATH: 
  /home/leonardobussi/.rbenv/shims:/home/leonardobussi/.rbenv/bin:/home/leonardobussi/.rbenv/shims:/home/leonardobussi/.rbenv/bin:/usr/local/sbin:/usr/local/bin:/usr/sbin:/usr/bin:/sbin:/bin:/usr/games:/usr/local/games:/snap/bin:/home/leonardobussi/.rvm/bin

Yarn version: 
  1.22.5

Node version: 
  14.15.1

Platform: 
  linux x64

Trace: 
  Error: getaddrinfo EAI_AGAIN registry.yarnpkg.com
      at GetAddrInfoReqWrap.onlookup [as oncomplete] (dns.js:67:26)

npm manifest: 
  {
    "name": "contact_list",
    "private": true,
    "dependencies": {
      "@rails/actioncable": "^6.0.0",
      "@rails/activestorage": "^6.0.0",
      "@rails/ujs": "^6.0.0",
      "turbolinks": "^5.2.0",
      "yarn": "^1.22.10"
    },
    "version": "0.1.0"
  }

yarn manifest: 
  No manifest

Lockfile: 
  No lockfile
